<?xml version="1.0" encoding="UTF-8"?>
<!-- Generated by org.testng.reporters.JUnitReportReporter -->
<testsuite hostname="DESKTOP-6S490E8" failures="0" tests="3" name="Listeners.TestNGListenersdemo2" time="0.006" errors="0" timestamp="2023-10-12T07:37:58 IST" skipped="1">
  <testcase classname="Listeners.TestNGListenersdemo2" name="test5" time="0.002"/>
  <system-out/>
  <testcase classname="Listeners.TestNGListenersdemo2" name="test4" time="0.001"/>
  <system-out/>
  <testcase classname="Listeners.TestNGListenersdemo2" name="test6" time="0.003">
    <skipped/>
  </testcase> <!-- test6 -->
  <system-out/>
</testsuite> <!-- Listeners.TestNGListenersdemo2 -->
