<?xml version="1.0" encoding="UTF-8"?>
<!-- Generated by org.testng.reporters.JUnitReportReporter -->
<testsuite hostname="DESKTOP-6S490E8" failures="0" tests="1" name="Utilis.Exceldataprovider" time="37.533" errors="0" timestamp="2023-10-17T10:02:03 IST" skipped="0">
  <testcase classname="Utilis.Exceldataprovider" name="test1" time="37.533"/>
  <system-out/>
</testsuite> <!-- Utilis.Exceldataprovider -->
