<?xml version="1.0" encoding="UTF-8"?>
<!-- Generated by org.testng.reporters.JUnitReportReporter -->
<testsuite hostname="DESKTOP-6S490E8" failures="0" tests="1" name="test.TestNGDemo2" time="12.753" errors="0" timestamp="2023-09-22T08:38:45 IST" skipped="0">
  <testcase classname="test.TestNGDemo2" name="Googlesearch2" time="12.753"/>
  <system-out/>
</testsuite> <!-- test.TestNGDemo2 -->
