<?xml version="1.0" encoding="UTF-8"?>
<!-- Generated by org.testng.reporters.JUnitReportReporter -->
<testsuite hostname="DESKTOP-6S490E8" failures="0" tests="3" name="Demo.TestNGPriorityDemo" time="0.027" errors="0" timestamp="2023-10-12T08:08:45 IST" skipped="0">
  <testcase classname="Demo.TestNGPriorityDemo" name="two" time="0.002"/>
  <system-out/>
  <testcase classname="Demo.TestNGPriorityDemo" name="three" time="0.005"/>
  <system-out/>
  <testcase classname="Demo.TestNGPriorityDemo" name="one" time="0.020"/>
  <system-out/>
</testsuite> <!-- Demo.TestNGPriorityDemo -->
