<?xml version="1.0" encoding="UTF-8"?>
<!-- Generated by org.testng.reporters.JUnitReportReporter -->
<testsuite hostname="DESKTOP-6S490E8" failures="0" tests="2" name="Demo.TestNGRetryfailedDemo" time="0.019" errors="0" timestamp="2023-10-16T09:28:46 IST" skipped="0">
  <testcase classname="Demo.TestNGRetryfailedDemo" name="test2" time="0.001"/>
  <system-out/>
  <testcase classname="Demo.TestNGRetryfailedDemo" name="test3" time="0.018"/>
  <system-out/>
</testsuite> <!-- Demo.TestNGRetryfailedDemo -->
