<?xml version="1.0" encoding="UTF-8"?>
<!-- Generated by org.testng.reporters.JUnitReportReporter -->
<testsuite hostname="DESKTOP-6S490E8" failures="0" tests="4" name="Demo.TestNGgroupdemo" time="0.030" errors="0" timestamp="2023-10-12T08:48:09 IST" skipped="0">
  <testcase classname="Demo.TestNGgroupdemo" name="test1" time="0.021"/>
  <system-out/>
  <testcase classname="Demo.TestNGgroupdemo" name="test3" time="0.003"/>
  <system-out/>
  <testcase classname="Demo.TestNGgroupdemo" name="test4" time="0.003"/>
  <system-out/>
  <testcase classname="Demo.TestNGgroupdemo" name="test2" time="0.003"/>
  <system-out/>
</testsuite> <!-- Demo.TestNGgroupdemo -->
