<?xml version="1.0" encoding="UTF-8"?>
<!-- Generated by org.testng.reporters.JUnitReportReporter -->
<testsuite hostname="DESKTOP-6S490E8" failures="0" tests="1" name="test.ExtentreportsdemowithtestNG" time="6.020" errors="0" timestamp="2023-10-05T08:19:44 IST" skipped="0">
  <testcase classname="test.ExtentreportsdemowithtestNG" name="Test1" time="6.020"/>
  <system-out/>
</testsuite> <!-- test.ExtentreportsdemowithtestNG -->
